<?xml version="1.0" encoding="utf-8" standalone="no"?>
<!--This file represents the results of running a test suite-->
<test-results name="D:\C#\project\Magicdawn Library\Magicdawn.UnitTest\bin\Debug\Magicdawn.UnitTest.nunit" total="6" errors="0" failures="0" not-run="0" inconclusive="0" ignored="0" skipped="0" invalid="0" date="2014-07-24" time="10:07:48">
  <environment nunit-version="2.6.3.13283" clr-version="2.0.50727.5477" os-version="Microsoft Windows NT 6.1.7601 Service Pack 1" platform="Win32NT" cwd="D:\C#\project\Magicdawn Library\Magicdawn.UnitTest\bin\Debug" machine-name="TAO-PC" user="Administrator" user-domain="TAO-PC" />
  <culture-info current-culture="zh-CN" current-uiculture="zh-CN" />
  <test-suite type="Project" name="D:\C#\project\Magicdawn Library\Magicdawn.UnitTest\bin\Debug\Magicdawn.UnitTest.nunit" executed="True" result="Success" success="True" time="0.346" asserts="0">
    <results>
      <test-suite type="Assembly" name="D:\C#\project\Magicdawn Library\Magicdawn.UnitTest\bin\Debug\Magicdawn.UnitTest.dll" executed="True" result="Success" success="True" time="0.318" asserts="0">
        <results>
          <test-suite type="Namespace" name="Magicdawn" executed="True" result="Success" success="True" time="0.317" asserts="0">
            <results>
              <test-suite type="Namespace" name="UnitTest" executed="True" result="Success" success="True" time="0.317" asserts="0">
                <results>
                  <test-suite type="Namespace" name="Extension" executed="True" result="Success" success="True" time="0.277" asserts="0">
                    <results>
                      <test-suite type="TestFixture" name="ArrayExtension" executed="True" result="Success" success="True" time="0.191" asserts="0">
                        <results>
                          <test-case name="Magicdawn.UnitTest.Extension.ArrayExtension.ForEach" executed="True" result="Success" success="True" time="0.168" asserts="0" />
                        </results>
                      </test-suite>
                      <test-suite type="TestFixture" name="BasicTypeExtension" executed="True" result="Success" success="True" time="0.022" asserts="0">
                        <results>
                          <test-case name="Magicdawn.UnitTest.Extension.BasicTypeExtension.TestBetween" executed="True" result="Success" success="True" time="0.020" asserts="2" />
                        </results>
                      </test-suite>
                      <test-suite type="TestFixture" name="QueueExtension" executed="True" result="Success" success="True" time="0.012" asserts="0">
                        <results>
                          <test-case name="Magicdawn.UnitTest.Extension.QueueExtension.EnqueueRange" executed="True" result="Success" success="True" time="0.011" asserts="1" />
                        </results>
                      </test-suite>
                      <test-suite type="TestFixture" name="StringExtension" executed="True" result="Success" success="True" time="0.009" asserts="0">
                        <results>
                          <test-case name="Magicdawn.UnitTest.Extension.StringExtension.ContainOneOf" executed="True" result="Success" success="True" time="0.002" asserts="3" />
                          <test-case name="Magicdawn.UnitTest.Extension.StringExtension.format" executed="True" result="Success" success="True" time="0.002" asserts="1" />
                        </results>
                      </test-suite>
                    </results>
                  </test-suite>
                  <test-suite type="Namespace" name="Util" executed="True" result="Success" success="True" time="0.020" asserts="0">
                    <results>
                      <test-suite type="TestFixture" name="StringFinder" executed="True" result="Success" success="True" time="0.019" asserts="0">
                        <results>
                          <test-case name="Magicdawn.UnitTest.Util.StringFinder.TestGetSecondIndex" executed="True" result="Success" success="True" time="0.018" asserts="1" />
                        </results>
                      </test-suite>
                    </results>
                  </test-suite>
                </results>
              </test-suite>
            </results>
          </test-suite>
        </results>
      </test-suite>
    </results>
  </test-suite>
</test-results>